# JRE version: OpenJDK Runtime Environment Temurin-17.0.5+8 (17.0.5+8) (build 17.0.5+8)
# Java VM: OpenJDK 64-Bit Server VM Temurin-17.0.5+8 (17.0.5+8, mixed mode, emulated-client, tiered, compressed oops, compressed class ptrs, g1 gc, windows-amd64)
GC Precious Log:
 CPUs: 8 total, 8 available
 Memory: 6091M
 Large Page Support: Disabled
 NUMA Support: Disabled
 Compressed Oops: Enabled (32-bit)
 Heap Region Size: 1M
 Heap Min Capacity: 8M
 Heap Initial Capacity: 96M
 Heap Max Capacity: 1524M
 Pre-touch: Disabled
 Parallel Workers: 8
 Concurrent Workers: 2
 Concurrent Refinement Workers: 8
 Periodic GC: Disabled
Heap:
 garbage-first heap   total 307200K, used 94503K [0x00000000a0c00000, 0x0000000100000000)
  region size 1024K, 14 young (14336K), 14 survivors (14336K)
 Metaspace       used 40000K, committed 40384K, reserved 1089536K
  class space    used 5064K, committed 5248K, reserved 1048576K
GC Heap History (20 events):
Event: 6.687 GC heap after
{Heap after GC invocations=14 (full 0):
 garbage-first heap   total 66560K, used 35518K [0x00000000a0c00000, 0x0000000100000000)
  region size 1024K, 2 young (2048K), 2 survivors (2048K)
 Metaspace       used 36003K, committed 36352K, reserved 1081344K
  class space    used 4658K, committed 4800K, reserved 1048576K
}
Event: 6.692 GC heap before
{Heap before GC invocations=14 (full 0):
 garbage-first heap   total 66560K, used 36542K [0x00000000a0c00000, 0x0000000100000000)
  region size 1024K, 3 young (3072K), 2 survivors (2048K)
 Metaspace       used 36024K, committed 36352K, reserved 1081344K
  class space    used 4663K, committed 4800K, reserved 1048576K
}
Event: 6.696 GC heap after
{Heap after GC invocations=15 (full 0):
 garbage-first heap   total 128000K, used 35108K [0x00000000a0c00000, 0x0000000100000000)
  region size 1024K, 1 young (1024K), 1 survivors (1024K)
 Metaspace       used 36024K, committed 36352K, reserved 1081344K
  class space    used 4663K, committed 4800K, reserved 1048576K
}
Event: 6.948 GC heap before
{Heap before GC invocations=15 (full 0):
 garbage-first heap   total 128000K, used 91428K [0x00000000a0c00000, 0x0000000100000000)
  region size 1024K, 56 young (57344K), 1 survivors (1024K)
 Metaspace       used 37157K, committed 37440K, reserved 1081344K
  class space    used 4758K, committed 4864K, reserved 1048576K
}
Event: 6.958 GC heap after
{Heap after GC invocations=16 (full 0):
 garbage-first heap   total 128000K, used 47179K [0x00000000a0c00000, 0x0000000100000000)
  region size 1024K, 7 young (7168K), 7 survivors (7168K)
 Metaspace       used 37157K, committed 37440K, reserved 1081344K
  class space    used 4758K, committed 4864K, reserved 1048576K
}
Event: 7.267 GC heap before
{Heap before GC invocations=16 (full 0):
 garbage-first heap   total 128000K, used 81995K [0x00000000a0c00000, 0x0000000100000000)
  region size 1024K, 41 young (41984K), 7 survivors (7168K)
 Metaspace       used 38683K, committed 39040K, reserved 1089536K
  class space    used 4869K, committed 5056K, reserved 1048576K
}
Event: 7.278 GC heap after
{Heap after GC invocations=17 (full 0):
 garbage-first heap   total 128000K, used 56822K [0x00000000a0c00000, 0x0000000100000000)
  region size 1024K, 6 young (6144K), 6 survivors (6144K)
 Metaspace       used 38683K, committed 39040K, reserved 1089536K
  class space    used 4869K, committed 5056K, reserved 1048576K
}
Event: 7.399 GC heap before
{Heap before GC invocations=17 (full 0):
 garbage-first heap   total 128000K, used 88566K [0x00000000a0c00000, 0x0000000100000000)
  region size 1024K, 37 young (37888K), 6 survivors (6144K)
 Metaspace       used 39183K, committed 39552K, reserved 1089536K
  class space    used 4956K, committed 5120K, reserved 1048576K
}
Event: 7.429 GC heap after
{Heap after GC invocations=18 (full 0):
 garbage-first heap   total 128000K, used 69506K [0x00000000a0c00000, 0x0000000100000000)
  region size 1024K, 5 young (5120K), 5 survivors (5120K)
 Metaspace       used 39183K, committed 39552K, reserved 1089536K
  class space    used 4956K, committed 5120K, reserved 1048576K
}
Event: 7.446 GC heap before
{Heap before GC invocations=18 (full 0):
 garbage-first heap   total 128000K, used 94082K [0x00000000a0c00000, 0x0000000100000000)
  region size 1024K, 30 young (30720K), 5 survivors (5120K)
 Metaspace       used 39209K, committed 39552K, reserved 1089536K
  class space    used 4961K, committed 5120K, reserved 1048576K
}
Event: 7.452 GC heap after
{Heap after GC invocations=19 (full 0):
 garbage-first heap   total 307200K, used 72078K [0x00000000a0c00000, 0x0000000100000000)
  region size 1024K, 2 young (2048K), 2 survivors (2048K)
 Metaspace       used 39209K, committed 39552K, reserved 1089536K
  class space    used 4961K, committed 5120K, reserved 1048576K
}
Event: 7.539 GC heap before
{Heap before GC invocations=19 (full 0):
 garbage-first heap   total 307200K, used 202126K [0x00000000a0c00000, 0x0000000100000000)
  region size 1024K, 131 young (134144K), 2 survivors (2048K)
 Metaspace       used 39304K, committed 39680K, reserved 1089536K
  class space    used 4970K, committed 5120K, reserved 1048576K
}
Event: 7.547 GC heap after
{Heap after GC invocations=20 (full 0):
 garbage-first heap   total 307200K, used 76070K [0x00000000a0c00000, 0x0000000100000000)
  region size 1024K, 7 young (7168K), 7 survivors (7168K)
 Metaspace       used 39304K, committed 39680K, reserved 1089536K
  class space    used 4970K, committed 5120K, reserved 1048576K
}
Event: 7.607 GC heap before
{Heap before GC invocations=21 (full 0):
 garbage-first heap   total 307200K, used 227622K [0x00000000a0c00000, 0x0000000100000000)
  region size 1024K, 156 young (159744K), 7 survivors (7168K)
 Metaspace       used 39427K, committed 39808K, reserved 1089536K
  class space    used 4991K, committed 5184K, reserved 1048576K
}
Event: 7.616 GC heap after
{Heap after GC invocations=22 (full 0):
 garbage-first heap   total 307200K, used 82699K [0x00000000a0c00000, 0x0000000100000000)
  region size 1024K, 13 young (13312K), 13 survivors (13312K)
 Metaspace       used 39427K, committed 39808K, reserved 1089536K
  class space    used 4991K, committed 5184K, reserved 1048576K
}
Event: 7.617 GC heap before
{Heap before GC invocations=22 (full 0):
 garbage-first heap   total 307200K, used 83723K [0x00000000a0c00000, 0x0000000100000000)
  region size 1024K, 15 young (15360K), 13 survivors (13312K)
 Metaspace       used 39432K, committed 39808K, reserved 1089536K
  class space    used 4992K, committed 5184K, reserved 1048576K
}
Event: 7.623 GC heap after
{Heap after GC invocations=23 (full 0):
 garbage-first heap   total 307200K, used 82731K [0x00000000a0c00000, 0x0000000100000000)
  region size 1024K, 2 young (2048K), 2 survivors (2048K)
 Metaspace       used 39432K, committed 39808K, reserved 1089536K
  class space    used 4992K, committed 5184K, reserved 1048576K
}
Event: 7.666 GC heap before
{Heap before GC invocations=23 (full 0):
 garbage-first heap   total 307200K, used 236331K [0x00000000a0c00000, 0x0000000100000000)
  region size 1024K, 153 young (156672K), 2 survivors (2048K)
 Metaspace       used 39735K, committed 40064K, reserved 1089536K
  class space    used 5021K, committed 5184K, reserved 1048576K
}
Event: 7.670 GC heap after
{Heap after GC invocations=24 (full 0):
 garbage-first heap   total 307200K, used 88212K [0x00000000a0c00000, 0x0000000100000000)
  region size 1024K, 8 young (8192K), 8 survivors (8192K)
 Metaspace       used 39735K, committed 40064K, reserved 1089536K
  class space    used 5021K, committed 5184K, reserved 1048576K
}
Event: 7.716 GC heap before
{Heap before GC invocations=24 (full 0):
 garbage-first heap   total 307200K, used 239764K [0x00000000a0c00000, 0x0000000100000000)
  region size 1024K, 158 young (161792K), 8 survivors (8192K)
 Metaspace       used 40000K, committed 40384K, reserved 1089536K
  class space    used 5064K, committed 5248K, reserved 1048576K
}

