# JRE version: OpenJDK Runtime Environment Temurin-17.0.5+8 (17.0.5+8) (build 17.0.5+8)
# Java VM: OpenJDK 64-Bit Server VM Temurin-17.0.5+8 (17.0.5+8, mixed mode, emulated-client, tiered, compressed oops, compressed class ptrs, g1 gc, windows-amd64)
GC Precious Log:
 CPUs: 8 total, 8 available
 Memory: 6091M
 Large Page Support: Disabled
 NUMA Support: Disabled
 Compressed Oops: Enabled (32-bit)
 Heap Region Size: 1M
 Heap Min Capacity: 8M
 Heap Initial Capacity: 96M
 Heap Max Capacity: 1524M
 Pre-touch: Disabled
 Parallel Workers: 8
 Concurrent Workers: 2
 Concurrent Refinement Workers: 8
 Periodic GC: Disabled
Heap:
 garbage-first heap   total 447488K, used 114188K [0x00000000a0c00000, 0x0000000100000000)
  region size 1024K, 21 young (21504K), 21 survivors (21504K)
 Metaspace       used 43376K, committed 43776K, reserved 1089536K
  class space    used 5542K, committed 5696K, reserved 1048576K
GC Heap History (20 events):
Event: 6.754 GC heap after
{Heap after GC invocations=16 (full 0):
 garbage-first heap   total 157696K, used 49650K [0x00000000a0c00000, 0x0000000100000000)
  region size 1024K, 2 young (2048K), 2 survivors (2048K)
 Metaspace       used 38227K, committed 38528K, reserved 1089536K
  class space    used 4820K, committed 4928K, reserved 1048576K
}
Event: 7.171 GC heap before
{Heap before GC invocations=17 (full 0):
 garbage-first heap   total 157696K, used 98802K [0x00000000a0c00000, 0x0000000100000000)
  region size 1024K, 49 young (50176K), 2 survivors (2048K)
 Metaspace       used 39772K, committed 40064K, reserved 1089536K
  class space    used 5037K, committed 5184K, reserved 1048576K
}
Event: 7.190 GC heap after
{Heap after GC invocations=18 (full 0):
 garbage-first heap   total 157696K, used 65980K [0x00000000a0c00000, 0x0000000100000000)
  region size 1024K, 7 young (7168K), 7 survivors (7168K)
 Metaspace       used 39772K, committed 40064K, reserved 1089536K
  class space    used 5037K, committed 5184K, reserved 1048576K
}
Event: 7.201 GC heap before
{Heap before GC invocations=18 (full 0):
 garbage-first heap   total 157696K, used 67004K [0x00000000a0c00000, 0x0000000100000000)
  region size 1024K, 8 young (8192K), 7 survivors (7168K)
 Metaspace       used 39834K, committed 40128K, reserved 1089536K
  class space    used 5048K, committed 5184K, reserved 1048576K
}
Event: 7.211 GC heap after
{Heap after GC invocations=19 (full 0):
 garbage-first heap   total 157696K, used 67423K [0x00000000a0c00000, 0x0000000100000000)
  region size 1024K, 1 young (1024K), 1 survivors (1024K)
 Metaspace       used 39834K, committed 40128K, reserved 1089536K
  class space    used 5048K, committed 5184K, reserved 1048576K
}
Event: 7.296 GC heap before
{Heap before GC invocations=19 (full 0):
 garbage-first heap   total 157696K, used 106335K [0x00000000a0c00000, 0x0000000100000000)
  region size 1024K, 40 young (40960K), 1 survivors (1024K)
 Metaspace       used 40242K, committed 40640K, reserved 1089536K
  class space    used 5113K, committed 5312K, reserved 1048576K
}
Event: 7.320 GC heap after
{Heap after GC invocations=20 (full 0):
 garbage-first heap   total 157696K, used 73045K [0x00000000a0c00000, 0x0000000100000000)
  region size 1024K, 5 young (5120K), 5 survivors (5120K)
 Metaspace       used 40242K, committed 40640K, reserved 1089536K
  class space    used 5113K, committed 5312K, reserved 1048576K
}
Event: 7.356 GC heap before
{Heap before GC invocations=20 (full 0):
 garbage-first heap   total 157696K, used 109909K [0x00000000a0c00000, 0x0000000100000000)
  region size 1024K, 42 young (43008K), 5 survivors (5120K)
 Metaspace       used 40259K, committed 40704K, reserved 1089536K
  class space    used 5113K, committed 5312K, reserved 1048576K
}
Event: 7.371 GC heap after
{Heap after GC invocations=21 (full 0):
 garbage-first heap   total 157696K, used 75212K [0x00000000a0c00000, 0x0000000100000000)
  region size 1024K, 2 young (2048K), 2 survivors (2048K)
 Metaspace       used 40259K, committed 40704K, reserved 1089536K
  class space    used 5113K, committed 5312K, reserved 1048576K
}
Event: 7.408 GC heap before
{Heap before GC invocations=21 (full 0):
 garbage-first heap   total 157696K, used 115148K [0x00000000a0c00000, 0x0000000100000000)
  region size 1024K, 42 young (43008K), 2 survivors (2048K)
 Metaspace       used 40291K, committed 40704K, reserved 1089536K
  class space    used 5121K, committed 5312K, reserved 1048576K
}
Event: 7.414 GC heap after
{Heap after GC invocations=22 (full 0):
 garbage-first heap   total 447488K, used 76752K [0x00000000a0c00000, 0x0000000100000000)
  region size 1024K, 4 young (4096K), 4 survivors (4096K)
 Metaspace       used 40291K, committed 40704K, reserved 1089536K
  class space    used 5121K, committed 5312K, reserved 1048576K
}
Event: 7.605 GC heap before
{Heap before GC invocations=23 (full 0):
 garbage-first heap   total 447488K, used 285648K [0x00000000a0c00000, 0x0000000100000000)
  region size 1024K, 210 young (215040K), 4 survivors (4096K)
 Metaspace       used 40709K, committed 41152K, reserved 1089536K
  class space    used 5180K, committed 5376K, reserved 1048576K
}
Event: 7.618 GC heap after
{Heap after GC invocations=24 (full 0):
 garbage-first heap   total 447488K, used 83705K [0x00000000a0c00000, 0x0000000100000000)
  region size 1024K, 12 young (12288K), 12 survivors (12288K)
 Metaspace       used 40709K, committed 41152K, reserved 1089536K
  class space    used 5180K, committed 5376K, reserved 1048576K
}
Event: 7.624 GC heap before
{Heap before GC invocations=24 (full 0):
 garbage-first heap   total 447488K, used 91897K [0x00000000a0c00000, 0x0000000100000000)
  region size 1024K, 21 young (21504K), 12 survivors (12288K)
 Metaspace       used 40709K, committed 41152K, reserved 1089536K
  class space    used 5180K, committed 5376K, reserved 1048576K
}
Event: 7.636 GC heap after
{Heap after GC invocations=25 (full 0):
 garbage-first heap   total 447488K, used 83621K [0x00000000a0c00000, 0x0000000100000000)
  region size 1024K, 2 young (2048K), 2 survivors (2048K)
 Metaspace       used 40709K, committed 41152K, reserved 1089536K
  class space    used 5180K, committed 5376K, reserved 1048576K
}
Event: 7.760 GC heap before
{Heap before GC invocations=25 (full 0):
 garbage-first heap   total 447488K, used 346789K [0x00000000a0c00000, 0x0000000100000000)
  region size 1024K, 260 young (266240K), 2 survivors (2048K)
 Metaspace       used 40808K, committed 41216K, reserved 1089536K
  class space    used 5191K, committed 5376K, reserved 1048576K
}
Event: 7.771 GC heap after
{Heap after GC invocations=26 (full 0):
 garbage-first heap   total 447488K, used 93520K [0x00000000a0c00000, 0x0000000100000000)
  region size 1024K, 12 young (12288K), 12 survivors (12288K)
 Metaspace       used 40808K, committed 41216K, reserved 1089536K
  class space    used 5191K, committed 5376K, reserved 1048576K
}
Event: 7.963 GC heap before
{Heap before GC invocations=26 (full 0):
 garbage-first heap   total 447488K, used 348496K [0x00000000a0c00000, 0x0000000100000000)
  region size 1024K, 262 young (268288K), 12 survivors (12288K)
 Metaspace       used 42091K, committed 42496K, reserved 1089536K
  class space    used 5395K, committed 5568K, reserved 1048576K
}
Event: 7.978 GC heap after
{Heap after GC invocations=27 (full 0):
 garbage-first heap   total 447488K, used 104461K [0x00000000a0c00000, 0x0000000100000000)
  region size 1024K, 22 young (22528K), 22 survivors (22528K)
 Metaspace       used 42091K, committed 42496K, reserved 1089536K
  class space    used 5395K, committed 5568K, reserved 1048576K
}
Event: 8.111 GC heap before
{Heap before GC invocations=27 (full 0):
 garbage-first heap   total 447488K, used 349197K [0x00000000a0c00000, 0x0000000100000000)
  region size 1024K, 262 young (268288K), 22 survivors (22528K)
 Metaspace       used 43376K, committed 43776K, reserved 1089536K
  class space    used 5542K, committed 5696K, reserved 1048576K
}

