# JRE version: OpenJDK Runtime Environment Temurin-17.0.5+8 (17.0.5+8) (build 17.0.5+8)
# Java VM: OpenJDK 64-Bit Server VM Temurin-17.0.5+8 (17.0.5+8, mixed mode, emulated-client, tiered, compressed oops, compressed class ptrs, g1 gc, windows-amd64)
GC Precious Log:
 CPUs: 8 total, 8 available
 Memory: 6091M
 Large Page Support: Disabled
 NUMA Support: Disabled
 Compressed Oops: Enabled (32-bit)
 Heap Region Size: 1M
 Heap Min Capacity: 8M
 Heap Initial Capacity: 96M
 Heap Max Capacity: 1524M
 Pre-touch: Disabled
 Parallel Workers: 8
 Concurrent Workers: 2
 Concurrent Refinement Workers: 8
 Periodic GC: Disabled
Heap:
 garbage-first heap   total 289792K, used 95808K [0x00000000a0c00000, 0x0000000100000000)
  region size 1024K, 13 young (13312K), 13 survivors (13312K)
 Metaspace       used 40700K, committed 41152K, reserved 1089536K
  class space    used 5172K, committed 5376K, reserved 1048576K
GC Heap History (20 events):
Event: 7.568 GC heap after
{Heap after GC invocations=15 (full 0):
 garbage-first heap   total 136192K, used 45920K [0x00000000a0c00000, 0x0000000100000000)
  region size 1024K, 3 young (3072K), 3 survivors (3072K)
 Metaspace       used 38038K, committed 38336K, reserved 1089536K
  class space    used 4801K, committed 4928K, reserved 1048576K
}
Event: 7.903 GC heap before
{Heap before GC invocations=16 (full 0):
 garbage-first heap   total 136192K, used 87904K [0x00000000a0c00000, 0x0000000100000000)
  region size 1024K, 44 young (45056K), 3 survivors (3072K)
 Metaspace       used 39003K, committed 39424K, reserved 1089536K
  class space    used 4926K, committed 5120K, reserved 1048576K
}
Event: 7.917 GC heap after
{Heap after GC invocations=17 (full 0):
 garbage-first heap   total 136192K, used 55956K [0x00000000a0c00000, 0x0000000100000000)
  region size 1024K, 6 young (6144K), 6 survivors (6144K)
 Metaspace       used 39003K, committed 39424K, reserved 1089536K
  class space    used 4926K, committed 5120K, reserved 1048576K
}
Event: 8.058 GC heap before
{Heap before GC invocations=17 (full 0):
 garbage-first heap   total 136192K, used 92820K [0x00000000a0c00000, 0x0000000100000000)
  region size 1024K, 42 young (43008K), 6 survivors (6144K)
 Metaspace       used 39313K, committed 39744K, reserved 1089536K
  class space    used 4974K, committed 5184K, reserved 1048576K
}
Event: 8.090 GC heap after
{Heap after GC invocations=18 (full 0):
 garbage-first heap   total 136192K, used 68499K [0x00000000a0c00000, 0x0000000100000000)
  region size 1024K, 6 young (6144K), 6 survivors (6144K)
 Metaspace       used 39313K, committed 39744K, reserved 1089536K
  class space    used 4974K, committed 5184K, reserved 1048576K
}
Event: 8.110 GC heap before
{Heap before GC invocations=18 (full 0):
 garbage-first heap   total 136192K, used 96146K [0x00000000a0c00000, 0x0000000100000000)
  region size 1024K, 34 young (34816K), 6 survivors (6144K)
 Metaspace       used 39340K, committed 39744K, reserved 1089536K
  class space    used 4976K, committed 5184K, reserved 1048576K
}
Event: 8.118 GC heap after
{Heap after GC invocations=19 (full 0):
 garbage-first heap   total 136192K, used 71894K [0x00000000a0c00000, 0x0000000100000000)
  region size 1024K, 3 young (3072K), 3 survivors (3072K)
 Metaspace       used 39340K, committed 39744K, reserved 1089536K
  class space    used 4976K, committed 5184K, reserved 1048576K
}
Event: 8.141 GC heap before
{Heap before GC invocations=19 (full 0):
 garbage-first heap   total 136192K, used 99542K [0x00000000a0c00000, 0x0000000100000000)
  region size 1024K, 31 young (31744K), 3 survivors (3072K)
 Metaspace       used 39411K, committed 39808K, reserved 1089536K
  class space    used 4984K, committed 5184K, reserved 1048576K
}
Event: 8.143 GC heap after
{Heap after GC invocations=20 (full 0):
 garbage-first heap   total 136192K, used 72315K [0x00000000a0c00000, 0x0000000100000000)
  region size 1024K, 3 young (3072K), 3 survivors (3072K)
 Metaspace       used 39411K, committed 39808K, reserved 1089536K
  class space    used 4984K, committed 5184K, reserved 1048576K
}
Event: 8.155 GC heap before
{Heap before GC invocations=20 (full 0):
 garbage-first heap   total 136192K, used 102011K [0x00000000a0c00000, 0x0000000100000000)
  region size 1024K, 33 young (33792K), 3 survivors (3072K)
 Metaspace       used 39423K, committed 39808K, reserved 1089536K
  class space    used 4986K, committed 5184K, reserved 1048576K
}
Event: 8.159 GC heap after
{Heap after GC invocations=21 (full 0):
 garbage-first heap   total 289792K, used 73688K [0x00000000a0c00000, 0x0000000100000000)
  region size 1024K, 4 young (4096K), 4 survivors (4096K)
 Metaspace       used 39423K, committed 39808K, reserved 1089536K
  class space    used 4986K, committed 5184K, reserved 1048576K
}
Event: 8.243 GC heap before
{Heap before GC invocations=22 (full 0):
 garbage-first heap   total 289792K, used 195544K [0x00000000a0c00000, 0x0000000100000000)
  region size 1024K, 125 young (128000K), 4 survivors (4096K)
 Metaspace       used 39590K, committed 39936K, reserved 1089536K
  class space    used 5005K, committed 5184K, reserved 1048576K
}
Event: 8.250 GC heap after
{Heap after GC invocations=23 (full 0):
 garbage-first heap   total 289792K, used 77462K [0x00000000a0c00000, 0x0000000100000000)
  region size 1024K, 9 young (9216K), 9 survivors (9216K)
 Metaspace       used 39590K, committed 39936K, reserved 1089536K
  class space    used 5005K, committed 5184K, reserved 1048576K
}
Event: 8.252 GC heap before
{Heap before GC invocations=23 (full 0):
 garbage-first heap   total 289792K, used 81558K [0x00000000a0c00000, 0x0000000100000000)
  region size 1024K, 14 young (14336K), 9 survivors (9216K)
 Metaspace       used 39590K, committed 39936K, reserved 1089536K
  class space    used 5005K, committed 5184K, reserved 1048576K
}
Event: 8.258 GC heap after
{Heap after GC invocations=24 (full 0):
 garbage-first heap   total 289792K, used 78423K [0x00000000a0c00000, 0x0000000100000000)
  region size 1024K, 2 young (2048K), 2 survivors (2048K)
 Metaspace       used 39590K, committed 39936K, reserved 1089536K
  class space    used 5005K, committed 5184K, reserved 1048576K
}
Event: 8.302 GC heap before
{Heap before GC invocations=24 (full 0):
 garbage-first heap   total 289792K, used 222807K [0x00000000a0c00000, 0x0000000100000000)
  region size 1024K, 144 young (147456K), 2 survivors (2048K)
 Metaspace       used 39728K, committed 40064K, reserved 1089536K
  class space    used 5020K, committed 5184K, reserved 1048576K
}
Event: 8.307 GC heap after
{Heap after GC invocations=25 (full 0):
 garbage-first heap   total 289792K, used 83683K [0x00000000a0c00000, 0x0000000100000000)
  region size 1024K, 7 young (7168K), 7 survivors (7168K)
 Metaspace       used 39728K, committed 40064K, reserved 1089536K
  class space    used 5020K, committed 5184K, reserved 1048576K
}
Event: 8.377 GC heap before
{Heap before GC invocations=25 (full 0):
 garbage-first heap   total 289792K, used 228067K [0x00000000a0c00000, 0x0000000100000000)
  region size 1024K, 149 young (152576K), 7 survivors (7168K)
 Metaspace       used 40108K, committed 40448K, reserved 1089536K
  class space    used 5088K, committed 5248K, reserved 1048576K
}
Event: 8.386 GC heap after
{Heap after GC invocations=26 (full 0):
 garbage-first heap   total 289792K, used 89165K [0x00000000a0c00000, 0x0000000100000000)
  region size 1024K, 12 young (12288K), 12 survivors (12288K)
 Metaspace       used 40108K, committed 40448K, reserved 1089536K
  class space    used 5088K, committed 5248K, reserved 1048576K
}
Event: 8.470 GC heap before
{Heap before GC invocations=26 (full 0):
 garbage-first heap   total 289792K, used 232525K [0x00000000a0c00000, 0x0000000100000000)
  region size 1024K, 153 young (156672K), 12 survivors (12288K)
 Metaspace       used 40700K, committed 41152K, reserved 1089536K
  class space    used 5172K, committed 5376K, reserved 1048576K
}

