# JRE version: OpenJDK Runtime Environment Temurin-17.0.5+8 (17.0.5+8) (build 17.0.5+8)
# Java VM: OpenJDK 64-Bit Server VM Temurin-17.0.5+8 (17.0.5+8, mixed mode, emulated-client, tiered, compressed oops, compressed class ptrs, g1 gc, windows-amd64)
GC Precious Log:
 CPUs: 8 total, 8 available
 Memory: 6091M
 Large Page Support: Disabled
 NUMA Support: Disabled
 Compressed Oops: Enabled (32-bit)
 Heap Region Size: 1M
 Heap Min Capacity: 8M
 Heap Initial Capacity: 96M
 Heap Max Capacity: 1524M
 Pre-touch: Disabled
 Parallel Workers: 8
 Concurrent Workers: 2
 Concurrent Refinement Workers: 8
 Periodic GC: Disabled
Heap:
 garbage-first heap   total 96256K, used 27767K [0x00000000a0c00000, 0x0000000100000000)
  region size 1024K, 1 young (1024K), 0 survivors (0K)
 Metaspace       used 52133K, committed 52608K, reserved 1097728K
  class space    used 7150K, committed 7360K, reserved 1048576K
GC Heap History (20 events):
Event: 1583.358 GC heap before
{Heap before GC invocations=177 (full 136):
 garbage-first heap   total 96256K, used 27767K [0x00000000a0c00000, 0x0000000100000000)
  region size 1024K, 1 young (1024K), 0 survivors (0K)
 Metaspace       used 52133K, committed 52608K, reserved 1097728K
  class space    used 7150K, committed 7360K, reserved 1048576K
}
Event: 1583.398 GC heap after
{Heap after GC invocations=178 (full 137):
 garbage-first heap   total 96256K, used 27767K [0x00000000a0c00000, 0x0000000100000000)
  region size 1024K, 0 young (0K), 0 survivors (0K)
 Metaspace       used 52133K, committed 52608K, reserved 1097728K
  class space    used 7150K, committed 7360K, reserved 1048576K
}
Event: 1593.930 GC heap before
{Heap before GC invocations=178 (full 137):
 garbage-first heap   total 96256K, used 27767K [0x00000000a0c00000, 0x0000000100000000)
  region size 1024K, 1 young (1024K), 0 survivors (0K)
 Metaspace       used 52133K, committed 52608K, reserved 1097728K
  class space    used 7150K, committed 7360K, reserved 1048576K
}
Event: 1593.999 GC heap after
{Heap after GC invocations=179 (full 138):
 garbage-first heap   total 96256K, used 27767K [0x00000000a0c00000, 0x0000000100000000)
  region size 1024K, 0 young (0K), 0 survivors (0K)
 Metaspace       used 52133K, committed 52608K, reserved 1097728K
  class space    used 7150K, committed 7360K, reserved 1048576K
}
Event: 1604.529 GC heap before
{Heap before GC invocations=179 (full 138):
 garbage-first heap   total 96256K, used 27767K [0x00000000a0c00000, 0x0000000100000000)
  region size 1024K, 1 young (1024K), 0 survivors (0K)
 Metaspace       used 52133K, committed 52608K, reserved 1097728K
  class space    used 7150K, committed 7360K, reserved 1048576K
}
Event: 1604.631 GC heap after
{Heap after GC invocations=180 (full 139):
 garbage-first heap   total 96256K, used 27767K [0x00000000a0c00000, 0x0000000100000000)
  region size 1024K, 0 young (0K), 0 survivors (0K)
 Metaspace       used 52133K, committed 52608K, reserved 1097728K
  class space    used 7150K, committed 7360K, reserved 1048576K
}
Event: 1615.086 GC heap before
{Heap before GC invocations=180 (full 139):
 garbage-first heap   total 96256K, used 27767K [0x00000000a0c00000, 0x0000000100000000)
  region size 1024K, 1 young (1024K), 0 survivors (0K)
 Metaspace       used 52133K, committed 52608K, reserved 1097728K
  class space    used 7150K, committed 7360K, reserved 1048576K
}
Event: 1615.156 GC heap after
{Heap after GC invocations=181 (full 140):
 garbage-first heap   total 96256K, used 27767K [0x00000000a0c00000, 0x0000000100000000)
  region size 1024K, 0 young (0K), 0 survivors (0K)
 Metaspace       used 52133K, committed 52608K, reserved 1097728K
  class space    used 7150K, committed 7360K, reserved 1048576K
}
Event: 1625.917 GC heap before
{Heap before GC invocations=181 (full 140):
 garbage-first heap   total 96256K, used 27767K [0x00000000a0c00000, 0x0000000100000000)
  region size 1024K, 1 young (1024K), 0 survivors (0K)
 Metaspace       used 52133K, committed 52608K, reserved 1097728K
  class space    used 7150K, committed 7360K, reserved 1048576K
}
Event: 1625.965 GC heap after
{Heap after GC invocations=182 (full 141):
 garbage-first heap   total 96256K, used 27767K [0x00000000a0c00000, 0x0000000100000000)
  region size 1024K, 0 young (0K), 0 survivors (0K)
 Metaspace       used 52133K, committed 52608K, reserved 1097728K
  class space    used 7150K, committed 7360K, reserved 1048576K
}
Event: 1637.419 GC heap before
{Heap before GC invocations=182 (full 141):
 garbage-first heap   total 96256K, used 27767K [0x00000000a0c00000, 0x0000000100000000)
  region size 1024K, 1 young (1024K), 0 survivors (0K)
 Metaspace       used 52133K, committed 52608K, reserved 1097728K
  class space    used 7150K, committed 7360K, reserved 1048576K
}
Event: 1637.535 GC heap after
{Heap after GC invocations=183 (full 142):
 garbage-first heap   total 96256K, used 27767K [0x00000000a0c00000, 0x0000000100000000)
  region size 1024K, 0 young (0K), 0 survivors (0K)
 Metaspace       used 52133K, committed 52608K, reserved 1097728K
  class space    used 7150K, committed 7360K, reserved 1048576K
}
Event: 1647.920 GC heap before
{Heap before GC invocations=183 (full 142):
 garbage-first heap   total 96256K, used 27767K [0x00000000a0c00000, 0x0000000100000000)
  region size 1024K, 1 young (1024K), 0 survivors (0K)
 Metaspace       used 52133K, committed 52608K, reserved 1097728K
  class space    used 7150K, committed 7360K, reserved 1048576K
}
Event: 1647.964 GC heap after
{Heap after GC invocations=184 (full 143):
 garbage-first heap   total 96256K, used 27767K [0x00000000a0c00000, 0x0000000100000000)
  region size 1024K, 0 young (0K), 0 survivors (0K)
 Metaspace       used 52133K, committed 52608K, reserved 1097728K
  class space    used 7150K, committed 7360K, reserved 1048576K
}
Event: 1658.442 GC heap before
{Heap before GC invocations=184 (full 143):
 garbage-first heap   total 96256K, used 27767K [0x00000000a0c00000, 0x0000000100000000)
  region size 1024K, 1 young (1024K), 0 survivors (0K)
 Metaspace       used 52133K, committed 52608K, reserved 1097728K
  class space    used 7150K, committed 7360K, reserved 1048576K
}
Event: 1658.517 GC heap after
{Heap after GC invocations=185 (full 144):
 garbage-first heap   total 96256K, used 27767K [0x00000000a0c00000, 0x0000000100000000)
  region size 1024K, 0 young (0K), 0 survivors (0K)
 Metaspace       used 52133K, committed 52608K, reserved 1097728K
  class space    used 7150K, committed 7360K, reserved 1048576K
}
Event: 1669.031 GC heap before
{Heap before GC invocations=185 (full 144):
 garbage-first heap   total 96256K, used 27767K [0x00000000a0c00000, 0x0000000100000000)
  region size 1024K, 1 young (1024K), 0 survivors (0K)
 Metaspace       used 52133K, committed 52608K, reserved 1097728K
  class space    used 7150K, committed 7360K, reserved 1048576K
}
Event: 1669.101 GC heap after
{Heap after GC invocations=186 (full 145):
 garbage-first heap   total 96256K, used 27767K [0x00000000a0c00000, 0x0000000100000000)
  region size 1024K, 0 young (0K), 0 survivors (0K)
 Metaspace       used 52133K, committed 52608K, reserved 1097728K
  class space    used 7150K, committed 7360K, reserved 1048576K
}
Event: 1679.556 GC heap before
{Heap before GC invocations=186 (full 145):
 garbage-first heap   total 96256K, used 27767K [0x00000000a0c00000, 0x0000000100000000)
  region size 1024K, 1 young (1024K), 0 survivors (0K)
 Metaspace       used 52133K, committed 52608K, reserved 1097728K
  class space    used 7150K, committed 7360K, reserved 1048576K
}
Event: 1679.626 GC heap after
{Heap after GC invocations=187 (full 146):
 garbage-first heap   total 96256K, used 27767K [0x00000000a0c00000, 0x0000000100000000)
  region size 1024K, 0 young (0K), 0 survivors (0K)
 Metaspace       used 52133K, committed 52608K, reserved 1097728K
  class space    used 7150K, committed 7360K, reserved 1048576K
}

