# JRE version: OpenJDK Runtime Environment Temurin-17.0.5+8 (17.0.5+8) (build 17.0.5+8)
# Java VM: OpenJDK 64-Bit Server VM Temurin-17.0.5+8 (17.0.5+8, mixed mode, emulated-client, tiered, compressed oops, compressed class ptrs, g1 gc, windows-amd64)
GC Precious Log:
 CPUs: 8 total, 8 available
 Memory: 6091M
 Large Page Support: Disabled
 NUMA Support: Disabled
 Compressed Oops: Enabled (32-bit)
 Heap Region Size: 1M
 Heap Min Capacity: 8M
 Heap Initial Capacity: 96M
 Heap Max Capacity: 1524M
 Pre-touch: Disabled
 Parallel Workers: 8
 Concurrent Workers: 2
 Concurrent Refinement Workers: 8
 Periodic GC: Disabled
Heap:
 garbage-first heap   total 243712K, used 80104K [0x00000000a0c00000, 0x0000000100000000)
  region size 1024K, 9 young (9216K), 9 survivors (9216K)
 Metaspace       used 35908K, committed 36224K, reserved 1081344K
  class space    used 4653K, committed 4800K, reserved 1048576K
GC Heap History (20 events):
Event: 35.769 GC heap after
{Heap after GC invocations=18 (full 0):
 garbage-first heap   total 102400K, used 40676K [0x00000000a0c00000, 0x0000000100000000)
  region size 1024K, 6 young (6144K), 6 survivors (6144K)
 Metaspace       used 35655K, committed 36032K, reserved 1081344K
  class space    used 4609K, committed 4736K, reserved 1048576K
}
Event: 35.777 GC heap before
{Heap before GC invocations=18 (full 0):
 garbage-first heap   total 102400K, used 41700K [0x00000000a0c00000, 0x0000000100000000)
  region size 1024K, 7 young (7168K), 6 survivors (6144K)
 Metaspace       used 35655K, committed 36032K, reserved 1081344K
  class space    used 4609K, committed 4736K, reserved 1048576K
}
Event: 35.786 GC heap after
{Heap after GC invocations=19 (full 0):
 garbage-first heap   total 102400K, used 41472K [0x00000000a0c00000, 0x0000000100000000)
  region size 1024K, 1 young (1024K), 1 survivors (1024K)
 Metaspace       used 35655K, committed 36032K, reserved 1081344K
  class space    used 4609K, committed 4736K, reserved 1048576K
}
Event: 41.978 GC heap before
{Heap before GC invocations=19 (full 0):
 garbage-first heap   total 102400K, used 67072K [0x00000000a0c00000, 0x0000000100000000)
  region size 1024K, 27 young (27648K), 1 survivors (1024K)
 Metaspace       used 35655K, committed 36032K, reserved 1081344K
  class space    used 4609K, committed 4736K, reserved 1048576K
}
Event: 41.986 GC heap after
{Heap after GC invocations=20 (full 0):
 garbage-first heap   total 102400K, used 46543K [0x00000000a0c00000, 0x0000000100000000)
  region size 1024K, 4 young (4096K), 4 survivors (4096K)
 Metaspace       used 35655K, committed 36032K, reserved 1081344K
  class space    used 4609K, committed 4736K, reserved 1048576K
}
Event: 42.240 GC heap before
{Heap before GC invocations=20 (full 0):
 garbage-first heap   total 102400K, used 73167K [0x00000000a0c00000, 0x0000000100000000)
  region size 1024K, 29 young (29696K), 4 survivors (4096K)
 Metaspace       used 35659K, committed 36032K, reserved 1081344K
  class space    used 4612K, committed 4736K, reserved 1048576K
}
Event: 42.287 GC heap after
{Heap after GC invocations=21 (full 0):
 garbage-first heap   total 102400K, used 62229K [0x00000000a0c00000, 0x0000000100000000)
  region size 1024K, 4 young (4096K), 4 survivors (4096K)
 Metaspace       used 35659K, committed 36032K, reserved 1081344K
  class space    used 4612K, committed 4736K, reserved 1048576K
}
Event: 42.924 GC heap before
{Heap before GC invocations=21 (full 0):
 garbage-first heap   total 102400K, used 75541K [0x00000000a0c00000, 0x0000000100000000)
  region size 1024K, 18 young (18432K), 4 survivors (4096K)
 Metaspace       used 35799K, committed 36160K, reserved 1081344K
  class space    used 4640K, committed 4800K, reserved 1048576K
}
Event: 42.931 GC heap after
{Heap after GC invocations=22 (full 0):
 garbage-first heap   total 102400K, used 64351K [0x00000000a0c00000, 0x0000000100000000)
  region size 1024K, 1 young (1024K), 1 survivors (1024K)
 Metaspace       used 35799K, committed 36160K, reserved 1081344K
  class space    used 4640K, committed 4800K, reserved 1048576K
}
Event: 43.055 GC heap before
{Heap before GC invocations=22 (full 0):
 garbage-first heap   total 102400K, used 78687K [0x00000000a0c00000, 0x0000000100000000)
  region size 1024K, 16 young (16384K), 1 survivors (1024K)
 Metaspace       used 35808K, committed 36160K, reserved 1081344K
  class space    used 4640K, committed 4800K, reserved 1048576K
}
Event: 43.060 GC heap after
{Heap after GC invocations=23 (full 0):
 garbage-first heap   total 243712K, used 64918K [0x00000000a0c00000, 0x0000000100000000)
  region size 1024K, 2 young (2048K), 2 survivors (2048K)
 Metaspace       used 35808K, committed 36160K, reserved 1081344K
  class space    used 4640K, committed 4800K, reserved 1048576K
}
Event: 43.220 GC heap before
{Heap before GC invocations=24 (full 0):
 garbage-first heap   total 225280K, used 158102K [0x00000000a0c00000, 0x0000000100000000)
  region size 1024K, 95 young (97280K), 2 survivors (2048K)
 Metaspace       used 35908K, committed 36224K, reserved 1081344K
  class space    used 4653K, committed 4800K, reserved 1048576K
}
Event: 43.225 GC heap after
{Heap after GC invocations=25 (full 0):
 garbage-first heap   total 225280K, used 67601K [0x00000000a0c00000, 0x0000000100000000)
  region size 1024K, 6 young (6144K), 6 survivors (6144K)
 Metaspace       used 35908K, committed 36224K, reserved 1081344K
  class space    used 4653K, committed 4800K, reserved 1048576K
}
Event: 43.230 GC heap before
{Heap before GC invocations=25 (full 0):
 garbage-first heap   total 225280K, used 71697K [0x00000000a0c00000, 0x0000000100000000)
  region size 1024K, 11 young (11264K), 6 survivors (6144K)
 Metaspace       used 35908K, committed 36224K, reserved 1081344K
  class space    used 4653K, committed 4800K, reserved 1048576K
}
Event: 43.235 GC heap after
{Heap after GC invocations=26 (full 0):
 garbage-first heap   total 225280K, used 67822K [0x00000000a0c00000, 0x0000000100000000)
  region size 1024K, 1 young (1024K), 1 survivors (1024K)
 Metaspace       used 35908K, committed 36224K, reserved 1081344K
  class space    used 4653K, committed 4800K, reserved 1048576K
}
Event: 43.315 GC heap before
{Heap before GC invocations=26 (full 0):
 garbage-first heap   total 225280K, used 168174K [0x00000000a0c00000, 0x0000000100000000)
  region size 1024K, 100 young (102400K), 1 survivors (1024K)
 Metaspace       used 35908K, committed 36224K, reserved 1081344K
  class space    used 4653K, committed 4800K, reserved 1048576K
}
Event: 43.318 GC heap after
{Heap after GC invocations=27 (full 0):
 garbage-first heap   total 225280K, used 71254K [0x00000000a0c00000, 0x0000000100000000)
  region size 1024K, 5 young (5120K), 5 survivors (5120K)
 Metaspace       used 35908K, committed 36224K, reserved 1081344K
  class space    used 4653K, committed 4800K, reserved 1048576K
}
Event: 43.411 GC heap before
{Heap before GC invocations=27 (full 0):
 garbage-first heap   total 225280K, used 172630K [0x00000000a0c00000, 0x0000000100000000)
  region size 1024K, 105 young (107520K), 5 survivors (5120K)
 Metaspace       used 35908K, committed 36224K, reserved 1081344K
  class space    used 4653K, committed 4800K, reserved 1048576K
}
Event: 43.418 GC heap after
{Heap after GC invocations=28 (full 0):
 garbage-first heap   total 225280K, used 75219K [0x00000000a0c00000, 0x0000000100000000)
  region size 1024K, 8 young (8192K), 8 survivors (8192K)
 Metaspace       used 35908K, committed 36224K, reserved 1081344K
  class space    used 4653K, committed 4800K, reserved 1048576K
}
Event: 43.497 GC heap before
{Heap before GC invocations=28 (full 0):
 garbage-first heap   total 225280K, used 177619K [0x00000000a0c00000, 0x0000000100000000)
  region size 1024K, 109 young (111616K), 8 survivors (8192K)
 Metaspace       used 35908K, committed 36224K, reserved 1081344K
  class space    used 4653K, committed 4800K, reserved 1048576K
}

